
{"level":30,"time":1687515225766,"action":"send places with categories","placeName":"zitouna mosque","categoryName":"religious"}
{"level":30,"time":1687515225770,"action":"send places with categories","placeName":"la galite islands","categoryName":"nature"}
{"level":30,"time":1687515225773,"action":"send places with categories","placeName":"la galite islands","categoryName":"adventure"}
{"level":30,"time":1687515225777,"action":"send places with categories","placeName":"tabarka genoese fort","categoryName":"nature"}
{"level":30,"time":1687515225782,"action":"send places with categories","placeName":"tabarka genoese fort","categoryName":"rural"}
{"level":30,"time":1687515226909,"action":"access The Ribat of Sousse page","idUser":"64954e3e9b703cb58d14538d","userFullName":"mouhamed nasseri","idPlace":"6474c080b1dea38fb6be40be","placeName":"the ribat of sousse"}
{"level":30,"time":1687515287165,"action":"send places with categories","placeName":"the ribat of sousse","categoryName":"culturel"}
{"level":30,"time":1687515287166,"action":"send places with categories","placeName":"dar essid museum","categoryName":"culturel"}
{"level":30,"time":1687515287167,"action":"send places with categories","placeName":"the ribat of sousse","categoryName":"adventure"}
{"level":30,"time":1687515287168,"action":"send places with categories","placeName":"port el kantaoui","categoryName":"training"}
{"level":30,"time":1687515287169,"action":"send places with categories","placeName":"port el kantaoui","categoryName":"adventure"}
{"level":30,"time":1687515287175,"action":"send places with categories","placeName":"skifa el kahla","categoryName":"training"}
{"level":30,"time":1687515287176,"action":"send places with categories","placeName":"skifa el kahla","categoryName":"culturel"}
{"level":30,"time":1687515287178,"action":"send places with categories","placeName":"zitouna mosque","categoryName":"religious"}
{"level":30,"time":1687515287181,"action":"send places with categories","placeName":"zitouna mosque","categoryName":"culturel"}
{"level":30,"time":1687515287186,"action":"send places with categories","placeName":"la galite islands","categoryName":"nature"}
{"level":30,"time":1687515287188,"action":"send places with categories","placeName":"tabarka genoese fort","categoryName":"rural"}
{"level":30,"time":1687515287191,"action":"Top likes number 5","placeName":"dar essid museum","likesNumber":"5"}
{"level":30,"time":1687515287192,"action":"send places with categories","placeName":"la galite islands","categoryName":"adventure"}
{"level":30,"time":1687515287196,"action":"send places with categories","placeName":"tabarka genoese fort","categoryName":"nature"}
